0.0.0.0:7233
+ : 0.0.0.0:7233
+ : worker
+ : false
+ : workflows
+ : 1
+ : false
+ [[ worker == *\f\r\o\n\t\e\n\d* ]]
+ [[ worker == *\f\r\o\n\t\e\n\d* ]]
2023/06/02 16:22:43 Loading config; env=docker,zone=,configDir=config
2023/06/02 16:22:43 Loading config files=[config/docker.yaml]
{"level":"info","ts":"2023-06-02T16:22:43.750Z","msg":"Build info.","git-time":"2022-11-15T23:13:23.000Z","git-revision":"00bb51389c001bf3c8cb20ef77e5c598d4c55ba9","git-modified":false,"go-arch":"amd64","go-os":"linux","go-version":"go1.18.8","cgo-enabled":false,"server-version":"1.18.5","logging-call-at":"main.go:142"}
{"level":"info","ts":"2023-06-02T16:22:43.750Z","msg":"dynamic config changed for the key: limit.maxidlength oldValue: nil newValue: { constraints: {} value: 255 }","logging-call-at":"file_based_client.go:275"}
{"level":"info","ts":"2023-06-02T16:22:43.751Z","msg":"Updated dynamic config","logging-call-at":"file_based_client.go:195"}
{"level":"warn","ts":"2023-06-02T16:22:43.751Z","msg":"Not using any authorizer and flag `--allow-no-auth` not detected. Future versions will require using the flag `--allow-no-auth` if you do not want to set an authorizer.","logging-call-at":"main.go:171"}
{"level":"info","ts":"2023-06-02T16:22:45.205Z","msg":"Use rpc address 127.0.0.1:7933 for cluster active.","component":"metadata-initializer","logging-call-at":"fx.go:750"}
{"level":"info","ts":"2023-06-02T16:22:45.206Z","msg":"Service is not requested, skipping initialization.","service":"history","logging-call-at":"fx.go:346"}
{"level":"info","ts":"2023-06-02T16:22:45.206Z","msg":"Service is not requested, skipping initialization.","service":"matching","logging-call-at":"fx.go:407"}
{"level":"info","ts":"2023-06-02T16:22:45.207Z","msg":"Service is not requested, skipping initialization.","service":"frontend","logging-call-at":"fx.go:464"}
{"level":"info","ts":"2023-06-02T16:22:45.808Z","msg":"PProf listen on ","port":7936,"logging-call-at":"pprof.go:73"}
{"level":"info","ts":"2023-06-02T16:22:45.807Z","msg":"Starting server for services","value":{"worker":{}},"logging-call-at":"server_impl.go:95"}
{"level":"info","ts":"2023-06-02T16:22:46.504Z","msg":"RuntimeMetricsReporter started","service":"worker","logging-call-at":"runtime.go:138"}
{"level":"info","ts":"2023-06-02T16:22:46.669Z","msg":"Membership heartbeat upserted successfully","service":"worker","address":"10.44.0.166","port":6939,"hostId":"b50a64ed-0161-11ee-b91f-b6337fb7858b","logging-call-at":"rpMonitor.go:243"}
{"level":"info","ts":"2023-06-02T16:22:46.753Z","msg":"bootstrap hosts fetched","service":"worker","bootstrap-hostports":"10.44.5.204:6935,10.44.0.143:6939,10.44.0.144:6934,10.44.7.61:6933,10.44.7.62:6934,10.44.0.166:6939,10.44.7.241:6933","logging-call-at":"rpMonitor.go:285"}
{"level":"info","ts":"2023-06-02T16:22:47.755Z","msg":"Current reachable members","service":"worker","component":"service-resolver","service":"frontend","addresses":["10.44.7.61:7233"],"logging-call-at":"rpServiceResolver.go:283"}
{"level":"info","ts":"2023-06-02T16:22:47.755Z","msg":"Current reachable members","service":"worker","component":"service-resolver","service":"history","addresses":["10.44.7.62:7234"],"logging-call-at":"rpServiceResolver.go:283"}
{"level":"info","ts":"2023-06-02T16:22:47.755Z","msg":"Current reachable members","service":"worker","component":"service-resolver","service":"matching","addresses":["10.44.5.204:7235"],"logging-call-at":"rpServiceResolver.go:283"}
{"level":"info","ts":"2023-06-02T16:22:47.756Z","msg":"Current reachable members","service":"worker","component":"service-resolver","service":"worker","addresses":["10.44.0.143:7239","10.44.0.166:7239"],"logging-call-at":"rpServiceResolver.go:283"}
{"level":"info","ts":"2023-06-02T16:22:47.756Z","msg":"worker starting","service":"worker","component":"worker","logging-call-at":"service.go:365"}
{"level":"info","ts":"2023-06-02T16:22:48.242Z","msg":"Current reachable members","service":"worker","component":"service-resolver","service":"matching","addresses":[],"logging-call-at":"rpServiceResolver.go:283"}
{"level":"info","ts":"2023-06-02T16:22:49.595Z","msg":"Started Worker","service":"worker","Namespace":"temporal-system","TaskQueue":"temporal-sys-tq-scanner-taskqueue-0","WorkerID":"1@retool-temporal-worker-dc75d888f-xzpzk@","logging-call-at":"scanner.go:186"}
{"level":"info","ts":"2023-06-02T16:22:49.666Z","msg":"Current reachable members","service":"worker","component":"service-resolver","service":"worker","addresses":["10.44.0.166:7239"],"logging-call-at":"rpServiceResolver.go:283"}
{"level":"info","ts":"2023-06-02T16:22:49.751Z","msg":"Started Worker","service":"worker","Namespace":"temporal-system","TaskQueue":"temporal-sys-history-scanner-taskqueue-0","WorkerID":"1@retool-temporal-worker-dc75d888f-xzpzk@","logging-call-at":"scanner.go:186"}
{"level":"info","ts":"2023-06-02T16:22:49.903Z","msg":"Started Worker","service":"worker","Namespace":"temporal-system","TaskQueue":"temporal-sys-processor-parent-close-policy","WorkerID":"1@retool-temporal-worker-dc75d888f-xzpzk@","logging-call-at":"processor.go:100"}
{"level":"info","ts":"2023-06-02T16:22:50.059Z","msg":"Started Worker","service":"worker","Namespace":"temporal-system","TaskQueue":"temporal-sys-batcher-taskqueue","WorkerID":"1@retool-temporal-worker-dc75d888f-xzpzk@","logging-call-at":"batcher.go:98"}
{"level":"info","ts":"2023-06-02T16:22:50.216Z","msg":"Started Worker","service":"worker","Namespace":"temporal-system","TaskQueue":"default-worker-tq","WorkerID":"1@retool-temporal-worker-dc75d888f-xzpzk@","logging-call-at":"worker.go:101"}
{"level":"info","ts":"2023-06-02T16:22:50.216Z","msg":"none","component":"worker-manager","lifecycle":"Started","logging-call-at":"worker.go:104"}
{"level":"info","ts":"2023-06-02T16:22:50.216Z","msg":"none","component":"perns-worker-manager","lifecycle":"Starting","logging-call-at":"pernamespaceworker.go:149"}
{"level":"info","ts":"2023-06-02T16:22:50.216Z","msg":"none","component":"perns-worker-manager","lifecycle":"Started","logging-call-at":"pernamespaceworker.go:157"}
{"level":"info","ts":"2023-06-02T16:22:50.216Z","msg":"worker service started","service":"worker","component":"worker","address":"10.44.0.166:7239","logging-call-at":"service.go:412"}
{"level":"info","ts":"2023-06-02T16:22:50.368Z","msg":"Started Worker","service":"worker","Namespace":"temporal-system","TaskQueue":"temporal-sys-per-ns-tq","WorkerID":"server-worker@1@retool-temporal-worker-dc75d888f-xzpzk@temporal-system","logging-call-at":"pernamespaceworker.go:410"}
{"level":"info","ts":"2023-06-02T16:22:50.379Z","msg":"Started Worker","service":"worker","Namespace":"workflows","TaskQueue":"temporal-sys-per-ns-tq","WorkerID":"server-worker@1@retool-temporal-worker-dc75d888f-xzpzk@workflows","logging-call-at":"pernamespaceworker.go:410"}
{"level":"info","ts":"2023-06-02T16:22:52.580Z","msg":"temporal-sys-tq-scanner-workflow workflow successfully started","service":"worker","logging-call-at":"scanner.go:235"}
{"level":"info","ts":"2023-06-02T16:22:52.705Z","msg":"temporal-sys-history-scanner-workflow workflow successfully started","service":"worker","logging-call-at":"scanner.go:235"}
{"level":"info","ts":"2023-06-02T16:22:57.757Z","msg":"Current reachable members","service":"worker","component":"service-resolver","service":"matching","addresses":["10.44.0.167:7235"],"logging-call-at":"rpServiceResolver.go:283"}
{"level":"info","ts":"2023-06-03T00:00:05.334Z","msg":"Starting task queue scavenger","service":"worker","logging-call-at":"workflow.go:171"}
{"level":"info","ts":"2023-06-03T00:00:05.334Z","msg":"Taskqueue scavenger starting","service":"worker","logging-call-at":"scavenger.go:130"}
{"level":"info","ts":"2023-06-03T00:00:05.334Z","msg":"Taskqueue scavenger started","service":"worker","logging-call-at":"scavenger.go:135"}
{"level":"info","ts":"2023-06-03T00:01:05.753Z","msg":"Taskqueue scavenger stopping","service":"worker","logging-call-at":"scavenger.go:144"}
{"level":"info","ts":"2023-06-03T00:01:05.753Z","msg":"Taskqueue scavenger stopped","service":"worker","logging-call-at":"scavenger.go:149"}
{"level":"warn","ts":"2023-06-03T00:01:05.920Z","msg":"RecordActivityHeartbeat with error","service":"worker","Namespace":"temporal-system","TaskQueue":"temporal-sys-tq-scanner-taskqueue-0","WorkerID":"1@retool-temporal-worker-dc75d888f-xzpzk@","ActivityID":"5","ActivityType":"temporal-sys-tq-scanner-scvg-activity","Attempt":1,"WorkflowType":"temporal-sys-tq-scanner-workflow","WorkflowID":"temporal-sys-tq-scanner","RunID":"63567861-c50c-428d-bfd3-b56b5c7bdfe2","Error":"context canceled","logging-call-at":"internal_task_handlers.go:1737"}
{"level":"info","ts":"2023-06-03T12:00:05.109Z","msg":"Starting task queue scavenger","service":"worker","logging-call-at":"workflow.go:171"}
{"level":"info","ts":"2023-06-03T12:00:05.109Z","msg":"Taskqueue scavenger starting","service":"worker","logging-call-at":"scavenger.go:130"}
{"level":"info","ts":"2023-06-03T12:00:05.109Z","msg":"Taskqueue scavenger started","service":"worker","logging-call-at":"scavenger.go:135"}
{"level":"info","ts":"2023-06-03T12:01:05.601Z","msg":"Taskqueue scavenger stopping","service":"worker","logging-call-at":"scavenger.go:144"}
{"level":"info","ts":"2023-06-03T12:01:05.601Z","msg":"Taskqueue scavenger stopped","service":"worker","logging-call-at":"scavenger.go:149"}
{"level":"warn","ts":"2023-06-03T12:01:05.678Z","msg":"RecordActivityHeartbeat with error","service":"worker","Namespace":"temporal-system","TaskQueue":"temporal-sys-tq-scanner-taskqueue-0","WorkerID":"1@retool-temporal-worker-dc75d888f-xzpzk@","ActivityID":"5","ActivityType":"temporal-sys-tq-scanner-scvg-activity","Attempt":1,"WorkflowType":"temporal-sys-tq-scanner-workflow","WorkflowID":"temporal-sys-tq-scanner","RunID":"becccd38-73a4-4610-8692-bf475658b0dc","Error":"context canceled","logging-call-at":"internal_task_handlers.go:1737"}
{"level":"info","ts":"2023-06-04T00:00:05.621Z","msg":"Starting task queue scavenger","service":"worker","logging-call-at":"workflow.go:171"}
{"level":"info","ts":"2023-06-04T00:00:05.621Z","msg":"Taskqueue scavenger starting","service":"worker","logging-call-at":"scavenger.go:130"}
{"level":"info","ts":"2023-06-04T00:00:05.621Z","msg":"Taskqueue scavenger started","service":"worker","logging-call-at":"scavenger.go:135"}
{"level":"info","ts":"2023-06-04T00:00:06.187Z","msg":"scavenger.deleteHandler processed.","service":"worker","wf-namespace-id":"44188bb0-50f3-4097-9a21-272d283ab018","wf-task-queue-name":"/_sys/workflows/1","wf-task-queue-type":"Workflow","number-processed":1,"number-deleted":0,"logging-call-at":"handler.go:140"}
{"level":"info","ts":"2023-06-04T00:01:06.128Z","msg":"Taskqueue scavenger stopping","service":"worker","logging-call-at":"scavenger.go:144"}
{"level":"info","ts":"2023-06-04T00:01:06.128Z","msg":"Taskqueue scavenger stopped","service":"worker","logging-call-at":"scavenger.go:149"}
{"level":"warn","ts":"2023-06-04T00:01:06.198Z","msg":"RecordActivityHeartbeat with error","service":"worker","Namespace":"temporal-system","TaskQueue":"temporal-sys-tq-scanner-taskqueue-0","WorkerID":"1@retool-temporal-worker-dc75d888f-xzpzk@","ActivityID":"5","ActivityType":"temporal-sys-tq-scanner-scvg-activity","Attempt":1,"WorkflowType":"temporal-sys-tq-scanner-workflow","WorkflowID":"temporal-sys-tq-scanner","RunID":"21055e88-f920-4928-a038-1c57baa0ba38","Error":"context canceled","logging-call-at":"internal_task_handlers.go:1737"}
{"level":"info","ts":"2023-06-04T12:00:04.736Z","msg":"Starting task queue scavenger","service":"worker","logging-call-at":"workflow.go:171"}
{"level":"info","ts":"2023-06-04T12:00:04.736Z","msg":"Taskqueue scavenger starting","service":"worker","logging-call-at":"scavenger.go:130"}
{"level":"info","ts":"2023-06-04T12:00:04.736Z","msg":"Taskqueue scavenger started","service":"worker","logging-call-at":"scavenger.go:135"}
{"level":"info","ts":"2023-06-04T12:01:05.275Z","msg":"Taskqueue scavenger stopping","service":"worker","logging-call-at":"scavenger.go:144"}
{"level":"info","ts":"2023-06-04T12:01:05.275Z","msg":"Taskqueue scavenger stopped","service":"worker","logging-call-at":"scavenger.go:149"}
{"level":"warn","ts":"2023-06-04T12:01:05.302Z","msg":"RecordActivityHeartbeat with error","service":"worker","Namespace":"temporal-system","TaskQueue":"temporal-sys-tq-scanner-taskqueue-0","WorkerID":"1@retool-temporal-worker-dc75d888f-xzpzk@","ActivityID":"5","ActivityType":"temporal-sys-tq-scanner-scvg-activity","Attempt":1,"WorkflowType":"temporal-sys-tq-scanner-workflow","WorkflowID":"temporal-sys-tq-scanner","RunID":"8206abbd-ef1e-4a81-960b-3f6fec9c4ca4","Error":"context canceled","logging-call-at":"internal_task_handlers.go:1737"}
{"level":"info","ts":"2023-06-05T00:00:05.219Z","msg":"Starting task queue scavenger","service":"worker","logging-call-at":"workflow.go:171"}
{"level":"info","ts":"2023-06-05T00:00:05.219Z","msg":"Taskqueue scavenger starting","service":"worker","logging-call-at":"scavenger.go:130"}
{"level":"info","ts":"2023-06-05T00:00:05.219Z","msg":"Taskqueue scavenger started","service":"worker","logging-call-at":"scavenger.go:135"}
{"level":"info","ts":"2023-06-05T00:00:05.740Z","msg":"taskqueue deleted","service":"worker","wf-namespace-id":"32049b68-7872-4094-8e63-d0dd59896a83","wf-task-queue-name":"retool-temporal-worker-7fdd99d94b-8v8w2:fb27ec61-7dca-4832-9246-8a2ffb45da7a","wf-task-queue-type":"Workflow","logging-call-at":"handler.go:128"}
{"level":"info","ts":"2023-06-05T00:00:05.780Z","msg":"taskqueue deleted","service":"worker","wf-namespace-id":"32049b68-7872-4094-8e63-d0dd59896a83","wf-task-queue-name":"retool-temporal-worker-7fdd99d94b-8v8w2:92f51886-329d-4b3e-b02e-fc4db575d5b3","wf-task-queue-type":"Workflow","logging-call-at":"handler.go:128"}
{"level":"info","ts":"2023-06-05T00:00:05.788Z","msg":"taskqueue deleted","service":"worker","wf-namespace-id":"32049b68-7872-4094-8e63-d0dd59896a83","wf-task-queue-name":"retool-temporal-worker-7fdd99d94b-8v8w2:23f2bd4e-8e65-4ada-8673-0297403bbabf","wf-task-queue-type":"Workflow","logging-call-at":"handler.go:128"}
{"level":"info","ts":"2023-06-05T00:00:05.813Z","msg":"taskqueue deleted","service":"worker","wf-namespace-id":"32049b68-7872-4094-8e63-d0dd59896a83","wf-task-queue-name":"retool-temporal-worker-7fdd99d94b-8v8w2:4605314e-5f05-48e5-9c91-9c12597394d1","wf-task-queue-type":"Workflow","logging-call-at":"handler.go:128"}
{"level":"info","ts":"2023-06-05T00:00:05.855Z","msg":"taskqueue deleted","service":"worker","wf-namespace-id":"32049b68-7872-4094-8e63-d0dd59896a83","wf-task-queue-name":"retool-temporal-worker-7fdd99d94b-8v8w2:83d31479-495e-46e0-a178-9458c48dad92","wf-task-queue-type":"Workflow","logging-call-at":"handler.go:128"}
{"level":"info","ts":"2023-06-05T00:00:05.856Z","msg":"taskqueue deleted","service":"worker","wf-namespace-id":"44188bb0-50f3-4097-9a21-272d283ab018","wf-task-queue-name":"retool-temporal-worker-7fdd99d94b-8v8w2:9fa68f8d-c3b9-4ab6-8fc8-53381191ef9c","wf-task-queue-type":"Workflow","logging-call-at":"handler.go:128"}
{"level":"info","ts":"2023-06-05T00:00:05.858Z","msg":"taskqueue deleted","service":"worker","wf-namespace-id":"32049b68-7872-4094-8e63-d0dd59896a83","wf-task-queue-name":"retool-temporal-worker-7fdd99d94b-8v8w2:bcf40d22-738a-4b2e-a682-8119a66f1dcb","wf-task-queue-type":"Workflow","logging-call-at":"handler.go:128"}
{"level":"info","ts":"2023-06-05T00:01:05.786Z","msg":"Taskqueue scavenger stopping","service":"worker","logging-call-at":"scavenger.go:144"}
{"level":"info","ts":"2023-06-05T00:01:05.787Z","msg":"Taskqueue scavenger stopped","service":"worker","logging-call-at":"scavenger.go:149"}
{"level":"warn","ts":"2023-06-05T00:01:05.792Z","msg":"RecordActivityHeartbeat with error","service":"worker","Namespace":"temporal-system","TaskQueue":"temporal-sys-tq-scanner-taskqueue-0","WorkerID":"1@retool-temporal-worker-dc75d888f-xzpzk@","ActivityID":"5","ActivityType":"temporal-sys-tq-scanner-scvg-activity","Attempt":1,"WorkflowType":"temporal-sys-tq-scanner-workflow","WorkflowID":"temporal-sys-tq-scanner","RunID":"4fa41270-0fa8-494a-80df-1f7eb620b4f0","Error":"context canceled","logging-call-at":"internal_task_handlers.go:1737"}
{"level":"info","ts":"2023-06-05T12:00:04.353Z","msg":"Starting task queue scavenger","service":"worker","logging-call-at":"workflow.go:171"}
{"level":"info","ts":"2023-06-05T12:00:04.353Z","msg":"Taskqueue scavenger starting","service":"worker","logging-call-at":"scavenger.go:130"}
{"level":"info","ts":"2023-06-05T12:00:04.353Z","msg":"Taskqueue scavenger started","service":"worker","logging-call-at":"scavenger.go:135"}
{"level":"info","ts":"2023-06-05T12:01:04.715Z","msg":"Taskqueue scavenger stopping","service":"worker","logging-call-at":"scavenger.go:144"}
{"level":"info","ts":"2023-06-05T12:01:04.716Z","msg":"Taskqueue scavenger stopped","service":"worker","logging-call-at":"scavenger.go:149"}
{"level":"warn","ts":"2023-06-05T12:01:04.923Z","msg":"RecordActivityHeartbeat with error","service":"worker","Namespace":"temporal-system","TaskQueue":"temporal-sys-tq-scanner-taskqueue-0","WorkerID":"1@retool-temporal-worker-dc75d888f-xzpzk@","ActivityID":"5","ActivityType":"temporal-sys-tq-scanner-scvg-activity","Attempt":1,"WorkflowType":"temporal-sys-tq-scanner-workflow","WorkflowID":"temporal-sys-tq-scanner","RunID":"f46db880-9b66-453e-8a97-88c9fad20d0b","Error":"context canceled","logging-call-at":"internal_task_handlers.go:1737"}
{"level":"info","ts":"2023-06-06T00:00:04.642Z","msg":"Starting task queue scavenger","service":"worker","logging-call-at":"workflow.go:171"}
{"level":"info","ts":"2023-06-06T00:00:04.642Z","msg":"Taskqueue scavenger starting","service":"worker","logging-call-at":"scavenger.go:130"}
{"level":"info","ts":"2023-06-06T00:00:04.642Z","msg":"Taskqueue scavenger started","service":"worker","logging-call-at":"scavenger.go:135"}
{"level":"info","ts":"2023-06-06T00:01:05.019Z","msg":"Taskqueue scavenger stopping","service":"worker","logging-call-at":"scavenger.go:144"}
{"level":"info","ts":"2023-06-06T00:01:05.020Z","msg":"Taskqueue scavenger stopped","service":"worker","logging-call-at":"scavenger.go:149"}
{"level":"warn","ts":"2023-06-06T00:01:05.222Z","msg":"RecordActivityHeartbeat with error","service":"worker","Namespace":"temporal-system","TaskQueue":"temporal-sys-tq-scanner-taskqueue-0","WorkerID":"1@retool-temporal-worker-dc75d888f-xzpzk@","ActivityID":"5","ActivityType":"temporal-sys-tq-scanner-scvg-activity","Attempt":1,"WorkflowType":"temporal-sys-tq-scanner-workflow","WorkflowID":"temporal-sys-tq-scanner","RunID":"c374f4b2-232d-4040-ae32-f6ba4178f273","Error":"context canceled","logging-call-at":"internal_task_handlers.go:1737"}
{"level":"info","ts":"2023-06-06T12:00:04.682Z","msg":"Starting task queue scavenger","service":"worker","logging-call-at":"workflow.go:171"}
{"level":"info","ts":"2023-06-06T12:00:04.682Z","msg":"Taskqueue scavenger starting","service":"worker","logging-call-at":"scavenger.go:130"}
{"level":"info","ts":"2023-06-06T12:00:04.682Z","msg":"Taskqueue scavenger started","service":"worker","logging-call-at":"scavenger.go:135"}
{"level":"info","ts":"2023-06-06T12:01:05.065Z","msg":"Taskqueue scavenger stopping","service":"worker","logging-call-at":"scavenger.go:144"}
{"level":"info","ts":"2023-06-06T12:01:05.065Z","msg":"Taskqueue scavenger stopped","service":"worker","logging-call-at":"scavenger.go:149"}
{"level":"warn","ts":"2023-06-06T12:01:05.263Z","msg":"RecordActivityHeartbeat with error","service":"worker","Namespace":"temporal-system","TaskQueue":"temporal-sys-tq-scanner-taskqueue-0","WorkerID":"1@retool-temporal-worker-dc75d888f-xzpzk@","ActivityID":"5","ActivityType":"temporal-sys-tq-scanner-scvg-activity","Attempt":1,"WorkflowType":"temporal-sys-tq-scanner-workflow","WorkflowID":"temporal-sys-tq-scanner","RunID":"77d104cc-770c-4fa9-aa54-711e78eeb221","Error":"context canceled","logging-call-at":"internal_task_handlers.go:1737"}
{"level":"info","ts":"2023-06-07T00:00:05.212Z","msg":"Starting task queue scavenger","service":"worker","logging-call-at":"workflow.go:171"}
{"level":"info","ts":"2023-06-07T00:00:05.212Z","msg":"Taskqueue scavenger starting","service":"worker","logging-call-at":"scavenger.go:130"}
{"level":"info","ts":"2023-06-07T00:00:05.212Z","msg":"Taskqueue scavenger started","service":"worker","logging-call-at":"scavenger.go:135"}
{"level":"info","ts":"2023-06-07T00:01:05.574Z","msg":"Taskqueue scavenger stopping","service":"worker","logging-call-at":"scavenger.go:144"}
{"level":"info","ts":"2023-06-07T00:01:05.574Z","msg":"Taskqueue scavenger stopped","service":"worker","logging-call-at":"scavenger.go:149"}
{"level":"warn","ts":"2023-06-07T00:01:05.737Z","msg":"RecordActivityHeartbeat with error","service":"worker","Namespace":"temporal-system","TaskQueue":"temporal-sys-tq-scanner-taskqueue-0","WorkerID":"1@retool-temporal-worker-dc75d888f-xzpzk@","ActivityID":"5","ActivityType":"temporal-sys-tq-scanner-scvg-activity","Attempt":1,"WorkflowType":"temporal-sys-tq-scanner-workflow","WorkflowID":"temporal-sys-tq-scanner","RunID":"6d491d68-6124-4016-ad74-4587e7e4a073","Error":"context canceled","logging-call-at":"internal_task_handlers.go:1737"}
{"level":"info","ts":"2023-06-07T12:00:05.062Z","msg":"Starting task queue scavenger","service":"worker","logging-call-at":"workflow.go:171"}
{"level":"info","ts":"2023-06-07T12:00:05.062Z","msg":"Taskqueue scavenger starting","service":"worker","logging-call-at":"scavenger.go:130"}
{"level":"info","ts":"2023-06-07T12:00:05.062Z","msg":"Taskqueue scavenger started","service":"worker","logging-call-at":"scavenger.go:135"}
{"level":"info","ts":"2023-06-07T12:01:05.409Z","msg":"Taskqueue scavenger stopping","service":"worker","logging-call-at":"scavenger.go:144"}
{"level":"info","ts":"2023-06-07T12:01:05.409Z","msg":"Taskqueue scavenger stopped","service":"worker","logging-call-at":"scavenger.go:149"}
{"level":"warn","ts":"2023-06-07T12:01:05.627Z","msg":"RecordActivityHeartbeat with error","service":"worker","Namespace":"temporal-system","TaskQueue":"temporal-sys-tq-scanner-taskqueue-0","WorkerID":"1@retool-temporal-worker-dc75d888f-xzpzk@","ActivityID":"5","ActivityType":"temporal-sys-tq-scanner-scvg-activity","Attempt":1,"WorkflowType":"temporal-sys-tq-scanner-workflow","WorkflowID":"temporal-sys-tq-scanner","RunID":"22eb0e6f-fc82-4324-867e-eef794c63dda","Error":"context canceled","logging-call-at":"internal_task_handlers.go:1737"}
{"level":"info","ts":"2023-06-08T00:00:04.378Z","msg":"Starting task queue scavenger","service":"worker","logging-call-at":"workflow.go:171"}
{"level":"info","ts":"2023-06-08T00:00:04.379Z","msg":"Taskqueue scavenger starting","service":"worker","logging-call-at":"scavenger.go:130"}
{"level":"info","ts":"2023-06-08T00:00:04.379Z","msg":"Taskqueue scavenger started","service":"worker","logging-call-at":"scavenger.go:135"}
{"level":"info","ts":"2023-06-08T00:00:04.856Z","msg":"scavenger.deleteHandler processed.","service":"worker","wf-namespace-id":"44188bb0-50f3-4097-9a21-272d283ab018","wf-task-queue-name":"/_sys/workflows/2","wf-task-queue-type":"Workflow","number-processed":1,"number-deleted":0,"logging-call-at":"handler.go:140"}
{"level":"info","ts":"2023-06-08T00:01:04.777Z","msg":"Taskqueue scavenger stopping","service":"worker","logging-call-at":"scavenger.go:144"}
{"level":"info","ts":"2023-06-08T00:01:04.777Z","msg":"Taskqueue scavenger stopped","service":"worker","logging-call-at":"scavenger.go:149"}
{"level":"warn","ts":"2023-06-08T00:01:04.949Z","msg":"RecordActivityHeartbeat with error","service":"worker","Namespace":"temporal-system","TaskQueue":"temporal-sys-tq-scanner-taskqueue-0","WorkerID":"1@retool-temporal-worker-dc75d888f-xzpzk@","ActivityID":"5","ActivityType":"temporal-sys-tq-scanner-scvg-activity","Attempt":1,"WorkflowType":"temporal-sys-tq-scanner-workflow","WorkflowID":"temporal-sys-tq-scanner","RunID":"c8554a39-ba09-4b15-a868-2a783c4cb2ca","Error":"context canceled","logging-call-at":"internal_task_handlers.go:1737"}
{"level":"info","ts":"2023-06-08T12:00:04.705Z","msg":"Starting task queue scavenger","service":"worker","logging-call-at":"workflow.go:171"}
{"level":"info","ts":"2023-06-08T12:00:04.705Z","msg":"Taskqueue scavenger starting","service":"worker","logging-call-at":"scavenger.go:130"}
{"level":"info","ts":"2023-06-08T12:00:04.706Z","msg":"Taskqueue scavenger started","service":"worker","logging-call-at":"scavenger.go:135"}
{"level":"info","ts":"2023-06-08T12:01:04.855Z","msg":"Taskqueue scavenger stopping","service":"worker","logging-call-at":"scavenger.go:144"}
{"level":"info","ts":"2023-06-08T12:01:04.855Z","msg":"Taskqueue scavenger stopped","service":"worker","logging-call-at":"scavenger.go:149"}
{"level":"warn","ts":"2023-06-08T12:01:05.278Z","msg":"RecordActivityHeartbeat with error","service":"worker","Namespace":"temporal-system","TaskQueue":"temporal-sys-tq-scanner-taskqueue-0","WorkerID":"1@retool-temporal-worker-dc75d888f-xzpzk@","ActivityID":"5","ActivityType":"temporal-sys-tq-scanner-scvg-activity","Attempt":1,"WorkflowType":"temporal-sys-tq-scanner-workflow","WorkflowID":"temporal-sys-tq-scanner","RunID":"33ddb0c6-4109-4743-a332-f322cf3869bf","Error":"context canceled","logging-call-at":"internal_task_handlers.go:1737"}
{"level":"info","ts":"2023-06-09T00:00:04.629Z","msg":"Starting task queue scavenger","service":"worker","logging-call-at":"workflow.go:171"}
{"level":"info","ts":"2023-06-09T00:00:04.629Z","msg":"Taskqueue scavenger starting","service":"worker","logging-call-at":"scavenger.go:130"}
{"level":"info","ts":"2023-06-09T00:00:04.630Z","msg":"Taskqueue scavenger started","service":"worker","logging-call-at":"scavenger.go:135"}
{"level":"info","ts":"2023-06-09T00:00:05.315Z","msg":"scavenger.deleteHandler processed.","service":"worker","wf-namespace-id":"44188bb0-50f3-4097-9a21-272d283ab018","wf-task-queue-name":"/_sys/workflows/1","wf-task-queue-type":"Workflow","number-processed":1,"number-deleted":0,"logging-call-at":"handler.go:140"}
{"level":"info","ts":"2023-06-09T00:01:05.039Z","msg":"Taskqueue scavenger stopping","service":"worker","logging-call-at":"scavenger.go:144"}
{"level":"info","ts":"2023-06-09T00:01:05.039Z","msg":"Taskqueue scavenger stopped","service":"worker","logging-call-at":"scavenger.go:149"}
{"level":"warn","ts":"2023-06-09T00:01:05.754Z","msg":"RecordActivityHeartbeat with error","service":"worker","Namespace":"temporal-system","TaskQueue":"temporal-sys-tq-scanner-taskqueue-0","WorkerID":"1@retool-temporal-worker-dc75d888f-xzpzk@","ActivityID":"5","ActivityType":"temporal-sys-tq-scanner-scvg-activity","Attempt":1,"WorkflowType":"temporal-sys-tq-scanner-workflow","WorkflowID":"temporal-sys-tq-scanner","RunID":"a3a5a885-de9e-43eb-9b2a-13bea6888c3b","Error":"context canceled","logging-call-at":"internal_task_handlers.go:1737"}
{"level":"info","ts":"2023-06-09T12:00:04.425Z","msg":"Starting task queue scavenger","service":"worker","logging-call-at":"workflow.go:171"}
{"level":"info","ts":"2023-06-09T12:00:04.426Z","msg":"Taskqueue scavenger starting","service":"worker","logging-call-at":"scavenger.go:130"}
{"level":"info","ts":"2023-06-09T12:00:04.426Z","msg":"Taskqueue scavenger started","service":"worker","logging-call-at":"scavenger.go:135"}
{"level":"info","ts":"2023-06-09T12:00:04.906Z","msg":"scavenger.deleteHandler processed.","service":"worker","wf-namespace-id":"44188bb0-50f3-4097-9a21-272d283ab018","wf-task-queue-name":"/_sys/workflows/3","wf-task-queue-type":"Workflow","number-processed":1,"number-deleted":0,"logging-call-at":"handler.go:140"}
{"level":"info","ts":"2023-06-09T12:01:04.818Z","msg":"Taskqueue scavenger stopping","service":"worker","logging-call-at":"scavenger.go:144"}
{"level":"info","ts":"2023-06-09T12:01:04.818Z","msg":"Taskqueue scavenger stopped","service":"worker","logging-call-at":"scavenger.go:149"}
{"level":"warn","ts":"2023-06-09T12:01:04.993Z","msg":"RecordActivityHeartbeat with error","service":"worker","Namespace":"temporal-system","TaskQueue":"temporal-sys-tq-scanner-taskqueue-0","WorkerID":"1@retool-temporal-worker-dc75d888f-xzpzk@","ActivityID":"5","ActivityType":"temporal-sys-tq-scanner-scvg-activity","Attempt":1,"WorkflowType":"temporal-sys-tq-scanner-workflow","WorkflowID":"temporal-sys-tq-scanner","RunID":"93567de6-f7d7-4265-8bff-e3196ff9f4e7","Error":"context canceled","logging-call-at":"internal_task_handlers.go:1737"}
{"level":"info","ts":"2023-06-10T00:00:04.638Z","msg":"Starting task queue scavenger","service":"worker","logging-call-at":"workflow.go:171"}
{"level":"info","ts":"2023-06-10T00:00:04.638Z","msg":"Taskqueue scavenger starting","service":"worker","logging-call-at":"scavenger.go:130"}
{"level":"info","ts":"2023-06-10T00:00:04.638Z","msg":"Taskqueue scavenger started","service":"worker","logging-call-at":"scavenger.go:135"}
{"level":"info","ts":"2023-06-10T00:01:04.976Z","msg":"Taskqueue scavenger stopping","service":"worker","logging-call-at":"scavenger.go:144"}
{"level":"info","ts":"2023-06-10T00:01:04.977Z","msg":"Taskqueue scavenger stopped","service":"worker","logging-call-at":"scavenger.go:149"}
{"level":"warn","ts":"2023-06-10T00:01:05.215Z","msg":"RecordActivityHeartbeat with error","service":"worker","Namespace":"temporal-system","TaskQueue":"temporal-sys-tq-scanner-taskqueue-0","WorkerID":"1@retool-temporal-worker-dc75d888f-xzpzk@","ActivityID":"5","ActivityType":"temporal-sys-tq-scanner-scvg-activity","Attempt":1,"WorkflowType":"temporal-sys-tq-scanner-workflow","WorkflowID":"temporal-sys-tq-scanner","RunID":"8c017b99-b52b-4cf6-8e85-916fab78e929","Error":"context canceled","logging-call-at":"internal_task_handlers.go:1737"}
{"level":"info","ts":"2023-06-10T12:00:05.273Z","msg":"Starting task queue scavenger","service":"worker","logging-call-at":"workflow.go:171"}
{"level":"info","ts":"2023-06-10T12:00:05.273Z","msg":"Taskqueue scavenger starting","service":"worker","logging-call-at":"scavenger.go:130"}
{"level":"info","ts":"2023-06-10T12:00:05.273Z","msg":"Taskqueue scavenger started","service":"worker","logging-call-at":"scavenger.go:135"}
{"level":"info","ts":"2023-06-10T12:01:05.668Z","msg":"Taskqueue scavenger stopping","service":"worker","logging-call-at":"scavenger.go:144"}
{"level":"info","ts":"2023-06-10T12:01:05.668Z","msg":"Taskqueue scavenger stopped","service":"worker","logging-call-at":"scavenger.go:149"}
{"level":"warn","ts":"2023-06-10T12:01:06.488Z","msg":"RecordActivityHeartbeat with error","service":"worker","Namespace":"temporal-system","TaskQueue":"temporal-sys-tq-scanner-taskqueue-0","WorkerID":"1@retool-temporal-worker-dc75d888f-xzpzk@","ActivityID":"5","ActivityType":"temporal-sys-tq-scanner-scvg-activity","Attempt":1,"WorkflowType":"temporal-sys-tq-scanner-workflow","WorkflowID":"temporal-sys-tq-scanner","RunID":"1c34a05b-c0d4-43f3-9bd1-36323c245f74","Error":"context canceled","logging-call-at":"internal_task_handlers.go:1737"}
{"level":"info","ts":"2023-06-11T00:00:04.723Z","msg":"Starting task queue scavenger","service":"worker","logging-call-at":"workflow.go:171"}
{"level":"info","ts":"2023-06-11T00:00:04.723Z","msg":"Taskqueue scavenger starting","service":"worker","logging-call-at":"scavenger.go:130"}
{"level":"info","ts":"2023-06-11T00:00:04.723Z","msg":"Taskqueue scavenger started","service":"worker","logging-call-at":"scavenger.go:135"}
{"level":"info","ts":"2023-06-11T00:01:05.076Z","msg":"Taskqueue scavenger stopping","service":"worker","logging-call-at":"scavenger.go:144"}
{"level":"info","ts":"2023-06-11T00:01:05.076Z","msg":"Taskqueue scavenger stopped","service":"worker","logging-call-at":"scavenger.go:149"}
{"level":"warn","ts":"2023-06-11T00:01:05.312Z","msg":"RecordActivityHeartbeat with error","service":"worker","Namespace":"temporal-system","TaskQueue":"temporal-sys-tq-scanner-taskqueue-0","WorkerID":"1@retool-temporal-worker-dc75d888f-xzpzk@","ActivityID":"5","ActivityType":"temporal-sys-tq-scanner-scvg-activity","Attempt":1,"WorkflowType":"temporal-sys-tq-scanner-workflow","WorkflowID":"temporal-sys-tq-scanner","RunID":"cb2cb585-7d9d-464b-ad2c-04563d81cde5","Error":"context canceled","logging-call-at":"internal_task_handlers.go:1737"}
{"level":"info","ts":"2023-06-11T12:00:04.806Z","msg":"Starting task queue scavenger","service":"worker","logging-call-at":"workflow.go:171"}
{"level":"info","ts":"2023-06-11T12:00:04.806Z","msg":"Taskqueue scavenger starting","service":"worker","logging-call-at":"scavenger.go:130"}
{"level":"info","ts":"2023-06-11T12:00:04.806Z","msg":"Taskqueue scavenger started","service":"worker","logging-call-at":"scavenger.go:135"}
{"level":"info","ts":"2023-06-11T12:01:05.172Z","msg":"Taskqueue scavenger stopping","service":"worker","logging-call-at":"scavenger.go:144"}
{"level":"info","ts":"2023-06-11T12:01:05.172Z","msg":"Taskqueue scavenger stopped","service":"worker","logging-call-at":"scavenger.go:149"}
{"level":"warn","ts":"2023-06-11T12:01:05.374Z","msg":"RecordActivityHeartbeat with error","service":"worker","Namespace":"temporal-system","TaskQueue":"temporal-sys-tq-scanner-taskqueue-0","WorkerID":"1@retool-temporal-worker-dc75d888f-xzpzk@","ActivityID":"5","ActivityType":"temporal-sys-tq-scanner-scvg-activity","Attempt":1,"WorkflowType":"temporal-sys-tq-scanner-workflow","WorkflowID":"temporal-sys-tq-scanner","RunID":"6e44afac-d652-4ffa-b5dd-691d3ae6d792","Error":"context canceled","logging-call-at":"internal_task_handlers.go:1737"}
{"level":"info","ts":"2023-06-12T00:00:04.782Z","msg":"Starting task queue scavenger","service":"worker","logging-call-at":"workflow.go:171"}
{"level":"info","ts":"2023-06-12T00:00:04.783Z","msg":"Taskqueue scavenger starting","service":"worker","logging-call-at":"scavenger.go:130"}
{"level":"info","ts":"2023-06-12T00:00:04.783Z","msg":"Taskqueue scavenger started","service":"worker","logging-call-at":"scavenger.go:135"}
{"level":"info","ts":"2023-06-12T00:00:05.376Z","msg":"scavenger.deleteHandler processed.","service":"worker","wf-namespace-id":"44188bb0-50f3-4097-9a21-272d283ab018","wf-task-queue-name":"/_sys/workflows/3","wf-task-queue-type":"Workflow","number-processed":1,"number-deleted":0,"logging-call-at":"handler.go:140"}
{"level":"info","ts":"2023-06-12T00:01:05.159Z","msg":"Taskqueue scavenger stopping","service":"worker","logging-call-at":"scavenger.go:144"}
{"level":"info","ts":"2023-06-12T00:01:05.160Z","msg":"Taskqueue scavenger stopped","service":"worker","logging-call-at":"scavenger.go:149"}
{"level":"warn","ts":"2023-06-12T00:01:05.307Z","msg":"RecordActivityHeartbeat with error","service":"worker","Namespace":"temporal-system","TaskQueue":"temporal-sys-tq-scanner-taskqueue-0","WorkerID":"1@retool-temporal-worker-dc75d888f-xzpzk@","ActivityID":"5","ActivityType":"temporal-sys-tq-scanner-scvg-activity","Attempt":1,"WorkflowType":"temporal-sys-tq-scanner-workflow","WorkflowID":"temporal-sys-tq-scanner","RunID":"af9b71ca-9662-4b9e-8a84-5f7a7aaf118f","Error":"context canceled","logging-call-at":"internal_task_handlers.go:1737"}
{"level":"info","ts":"2023-06-12T12:00:05.273Z","msg":"Starting task queue scavenger","service":"worker","logging-call-at":"workflow.go:171"}
{"level":"info","ts":"2023-06-12T12:00:05.273Z","msg":"Taskqueue scavenger starting","service":"worker","logging-call-at":"scavenger.go:130"}
{"level":"info","ts":"2023-06-12T12:00:05.273Z","msg":"Taskqueue scavenger started","service":"worker","logging-call-at":"scavenger.go:135"}
{"level":"info","ts":"2023-06-12T12:01:05.626Z","msg":"Taskqueue scavenger stopping","service":"worker","logging-call-at":"scavenger.go:144"}
{"level":"info","ts":"2023-06-12T12:01:05.627Z","msg":"Taskqueue scavenger stopped","service":"worker","logging-call-at":"scavenger.go:149"}
{"level":"warn","ts":"2023-06-12T12:01:05.841Z","msg":"RecordActivityHeartbeat with error","service":"worker","Namespace":"temporal-system","TaskQueue":"temporal-sys-tq-scanner-taskqueue-0","WorkerID":"1@retool-temporal-worker-dc75d888f-xzpzk@","ActivityID":"5","ActivityType":"temporal-sys-tq-scanner-scvg-activity","Attempt":1,"WorkflowType":"temporal-sys-tq-scanner-workflow","WorkflowID":"temporal-sys-tq-scanner","RunID":"ff8cb52c-0b94-4b2a-a4f7-d7c3be6fb207","Error":"context canceled","logging-call-at":"internal_task_handlers.go:1737"}
{"level":"info","ts":"2023-06-13T00:00:05.117Z","msg":"Starting task queue scavenger","service":"worker","logging-call-at":"workflow.go:171"}
{"level":"info","ts":"2023-06-13T00:00:05.118Z","msg":"Taskqueue scavenger starting","service":"worker","logging-call-at":"scavenger.go:130"}
{"level":"info","ts":"2023-06-13T00:00:05.118Z","msg":"Taskqueue scavenger started","service":"worker","logging-call-at":"scavenger.go:135"}
{"level":"info","ts":"2023-06-13T00:01:05.459Z","msg":"Taskqueue scavenger stopping","service":"worker","logging-call-at":"scavenger.go:144"}
{"level":"info","ts":"2023-06-13T00:01:05.459Z","msg":"Taskqueue scavenger stopped","service":"worker","logging-call-at":"scavenger.go:149"}
{"level":"warn","ts":"2023-06-13T00:01:06.329Z","msg":"RecordActivityHeartbeat with error","service":"worker","Namespace":"temporal-system","TaskQueue":"temporal-sys-tq-scanner-taskqueue-0","WorkerID":"1@retool-temporal-worker-dc75d888f-xzpzk@","ActivityID":"5","ActivityType":"temporal-sys-tq-scanner-scvg-activity","Attempt":1,"WorkflowType":"temporal-sys-tq-scanner-workflow","WorkflowID":"temporal-sys-tq-scanner","RunID":"7589c657-dcb4-45cb-b0ad-b946b0700f6e","Error":"context canceled","logging-call-at":"internal_task_handlers.go:1737"}
{"level":"info","ts":"2023-06-13T12:00:05.030Z","msg":"Starting task queue scavenger","service":"worker","logging-call-at":"workflow.go:171"}
{"level":"info","ts":"2023-06-13T12:00:05.030Z","msg":"Taskqueue scavenger starting","service":"worker","logging-call-at":"scavenger.go:130"}
{"level":"info","ts":"2023-06-13T12:00:05.030Z","msg":"Taskqueue scavenger started","service":"worker","logging-call-at":"scavenger.go:135"}
{"level":"info","ts":"2023-06-13T12:01:05.374Z","msg":"Taskqueue scavenger stopping","service":"worker","logging-call-at":"scavenger.go:144"}
{"level":"info","ts":"2023-06-13T12:01:05.374Z","msg":"Taskqueue scavenger stopped","service":"worker","logging-call-at":"scavenger.go:149"}
{"level":"warn","ts":"2023-06-13T12:01:05.603Z","msg":"RecordActivityHeartbeat with error","service":"worker","Namespace":"temporal-system","TaskQueue":"temporal-sys-tq-scanner-taskqueue-0","WorkerID":"1@retool-temporal-worker-dc75d888f-xzpzk@","ActivityID":"5","ActivityType":"temporal-sys-tq-scanner-scvg-activity","Attempt":1,"WorkflowType":"temporal-sys-tq-scanner-workflow","WorkflowID":"temporal-sys-tq-scanner","RunID":"27ee8a78-725d-42ec-af8a-f103e025d517","Error":"context canceled","logging-call-at":"internal_task_handlers.go:1737"}
